0 info it worked if it ends with ok
1 verbose cli [ 'C:\\Program Files\\nodejs\\node.exe',
1 verbose cli   'C:\\Program Files\\nodejs\\node_modules\\npm\\bin\\npm-cli.js',
1 verbose cli   'install',
1 verbose cli   'ngrok',
1 verbose cli   '-save-dev' ]
2 info using npm@4.0.5
3 info using node@v7.4.0
4 silly loadCurrentTree Starting
5 silly install loadCurrentTree
6 silly install readLocalPackageData
7 silly fetchPackageMetaData ngrok
8 silly fetchNamedPackageData ngrok
9 silly mapToRegistry name ngrok
10 silly mapToRegistry using default registry
11 silly mapToRegistry registry https://registry.npmjs.org/
12 silly mapToRegistry data Result {
12 silly mapToRegistry   raw: 'ngrok',
12 silly mapToRegistry   scope: null,
12 silly mapToRegistry   escapedName: 'ngrok',
12 silly mapToRegistry   name: 'ngrok',
12 silly mapToRegistry   rawSpec: '',
12 silly mapToRegistry   spec: 'latest',
12 silly mapToRegistry   type: 'tag' }
13 silly mapToRegistry uri https://registry.npmjs.org/ngrok
14 verbose request uri https://registry.npmjs.org/ngrok
15 verbose request no auth needed
16 info attempt registry request try #1 at 9:08:14 PM
17 verbose request id bcd5fbba7e2f7f25
18 http request GET https://registry.npmjs.org/ngrok
19 http 200 https://registry.npmjs.org/ngrok
20 verbose headers { server: 'nginx/1.10.1',
20 verbose headers   'content-type': 'application/json',
20 verbose headers   'last-modified': 'Mon, 16 Jan 2017 21:21:33 GMT',
20 verbose headers   etag: 'W/"587d395d-c783"',
20 verbose headers   'content-encoding': 'gzip',
20 verbose headers   'cache-control': 'max-age=300',
20 verbose headers   'content-length': '6426',
20 verbose headers   'accept-ranges': 'bytes',
20 verbose headers   date: 'Tue, 17 Jan 2017 16:08:14 GMT',
20 verbose headers   via: '1.1 varnish',
20 verbose headers   age: '0',
20 verbose headers   connection: 'keep-alive',
20 verbose headers   'x-served-by': 'cache-cdg8729-CDG',
20 verbose headers   'x-cache': 'MISS',
20 verbose headers   'x-cache-hits': '0',
20 verbose headers   'x-timer': 'S1484669294.530576,VS0,VE19',
20 verbose headers   vary: 'Accept-Encoding' }
21 silly get cb [ 200,
21 silly get   { server: 'nginx/1.10.1',
21 silly get     'content-type': 'application/json',
21 silly get     'last-modified': 'Mon, 16 Jan 2017 21:21:33 GMT',
21 silly get     etag: 'W/"587d395d-c783"',
21 silly get     'content-encoding': 'gzip',
21 silly get     'cache-control': 'max-age=300',
21 silly get     'content-length': '6426',
21 silly get     'accept-ranges': 'bytes',
21 silly get     date: 'Tue, 17 Jan 2017 16:08:14 GMT',
21 silly get     via: '1.1 varnish',
21 silly get     age: '0',
21 silly get     connection: 'keep-alive',
21 silly get     'x-served-by': 'cache-cdg8729-CDG',
21 silly get     'x-cache': 'MISS',
21 silly get     'x-cache-hits': '0',
21 silly get     'x-timer': 'S1484669294.530576,VS0,VE19',
21 silly get     vary: 'Accept-Encoding' } ]
22 verbose get saving ngrok to C:\Users\Envy15\AppData\Roaming\npm-cache\registry.npmjs.org\ngrok\.cache.json
23 verbose correctMkdir C:\Users\Envy15\AppData\Roaming\npm-cache correctMkdir not in flight; initializing
24 silly install normalizeTree
25 silly loadCurrentTree Finishing
26 silly loadIdealTree Starting
27 silly install loadIdealTree
28 silly cloneCurrentTree Starting
29 silly install cloneCurrentTreeToIdealTree
30 silly cloneCurrentTree Finishing
31 silly loadShrinkwrap Starting
32 silly install loadShrinkwrap
33 silly loadShrinkwrap Finishing
34 silly loadAllDepsIntoIdealTree Starting
35 silly install loadAllDepsIntoIdealTree
36 silly resolveWithNewModule ngrok@2.2.4 checking installable status
37 silly cache add args [ 'ngrok', null ]
38 verbose cache add spec ngrok
39 silly cache add parsed spec Result {
39 silly cache add   raw: 'ngrok',
39 silly cache add   scope: null,
39 silly cache add   escapedName: 'ngrok',
39 silly cache add   name: 'ngrok',
39 silly cache add   rawSpec: '',
39 silly cache add   spec: 'latest',
39 silly cache add   type: 'tag' }
40 silly addNamed ngrok@latest
41 verbose addNamed "latest" is being treated as a dist-tag for ngrok
42 info addNameTag [ 'ngrok', 'latest' ]
43 silly mapToRegistry name ngrok
44 silly mapToRegistry using default registry
45 silly mapToRegistry registry https://registry.npmjs.org/
46 silly mapToRegistry data Result {
46 silly mapToRegistry   raw: 'ngrok',
46 silly mapToRegistry   scope: null,
46 silly mapToRegistry   escapedName: 'ngrok',
46 silly mapToRegistry   name: 'ngrok',
46 silly mapToRegistry   rawSpec: '',
46 silly mapToRegistry   spec: 'latest',
46 silly mapToRegistry   type: 'tag' }
47 silly mapToRegistry uri https://registry.npmjs.org/ngrok
48 verbose addNameTag registry:https://registry.npmjs.org/ngrok not in flight; fetching
49 verbose get https://registry.npmjs.org/ngrok not expired, no request
50 silly addNameTag next cb for ngrok with tag latest
51 silly addNamed ngrok@2.2.4
52 verbose addNamed "2.2.4" is a plain semver version for ngrok
53 silly mapToRegistry name ngrok
54 silly mapToRegistry using default registry
55 silly mapToRegistry registry https://registry.npmjs.org/
56 silly mapToRegistry data Result {
56 silly mapToRegistry   raw: 'ngrok',
56 silly mapToRegistry   scope: null,
56 silly mapToRegistry   escapedName: 'ngrok',
56 silly mapToRegistry   name: 'ngrok',
56 silly mapToRegistry   rawSpec: '',
56 silly mapToRegistry   spec: 'latest',
56 silly mapToRegistry   type: 'tag' }
57 silly mapToRegistry uri https://registry.npmjs.org/ngrok
58 verbose addRemoteTarball https://registry.npmjs.org/ngrok/-/ngrok-2.2.4.tgz not in flight; adding
59 verbose addRemoteTarball [ 'https://registry.npmjs.org/ngrok/-/ngrok-2.2.4.tgz',
59 verbose addRemoteTarball   '6474d947b2483bf2207fe05466407a4657cbf236' ]
60 info retry fetch attempt 1 at 9:08:16 PM
61 info attempt registry request try #1 at 9:08:16 PM
62 http fetch GET https://registry.npmjs.org/ngrok/-/ngrok-2.2.4.tgz
63 http fetch 200 https://registry.npmjs.org/ngrok/-/ngrok-2.2.4.tgz
64 info retry will retry, error on last attempt: Error: read ECONNRESET
65 silly fetchAndShaCheck shasum 6474d947b2483bf2207fe05466407a4657cbf236
66 silly rollbackFailedOptional Starting
67 silly rollbackFailedOptional Finishing
68 silly runTopLevelLifecycles Finishing
69 silly install printInstalled
70 verbose stack Error: shasum check failed for C:\Users\Envy15\AppData\Local\Temp\npm-8352-50e7acb0\registry.npmjs.org\ngrok\-\ngrok-2.2.4.tgz
70 verbose stack Expected: 6474d947b2483bf2207fe05466407a4657cbf236
70 verbose stack Actual:   6501e5be1455bc633f1eedbe060be2bbee5a7c61
70 verbose stack From:     https://registry.npmjs.org/ngrok/-/ngrok-2.2.4.tgz
70 verbose stack     at C:\Program Files\nodejs\node_modules\npm\node_modules\sha\index.js:25:8
70 verbose stack     at ReadStream.<anonymous> (C:\Program Files\nodejs\node_modules\npm\node_modules\sha\index.js:72:7)
70 verbose stack     at emitNone (events.js:91:20)
70 verbose stack     at ReadStream.emit (events.js:185:7)
70 verbose stack     at endReadableNT (_stream_readable.js:974:12)
70 verbose stack     at _combinedTickCallback (internal/process/next_tick.js:74:11)
70 verbose stack     at process._tickCallback (internal/process/next_tick.js:98:9)
71 verbose cwd C:\Users\Envy15\frontend-nanodegree-mobile-portfolio
72 error Windows_NT 10.0.14393
73 error argv "C:\\Program Files\\nodejs\\node.exe" "C:\\Program Files\\nodejs\\node_modules\\npm\\bin\\npm-cli.js" "install" "ngrok" "-save-dev"
74 error node v7.4.0
75 error npm  v4.0.5
76 error shasum check failed for C:\Users\Envy15\AppData\Local\Temp\npm-8352-50e7acb0\registry.npmjs.org\ngrok\-\ngrok-2.2.4.tgz
76 error Expected: 6474d947b2483bf2207fe05466407a4657cbf236
76 error Actual:   6501e5be1455bc633f1eedbe060be2bbee5a7c61
76 error From:     https://registry.npmjs.org/ngrok/-/ngrok-2.2.4.tgz
77 error If you need help, you may report this error at:
77 error     <https://github.com/npm/npm/issues>
78 verbose exit [ 1, true ]
